<?xml version="1.0" encoding="utf-8"?><testsuites name="pytest tests"><testsuite name="pytest" errors="0" failures="0" skipped="0" tests="5" time="11.208" timestamp="2026-08-23T00:10:38.347377+00:00" hostname="agent-env-cd5dad86-28ad-45fe-ad02-07ffc1ba82ca"><testcase classname="tests.test_ocr_bukti" name="test_ocr_bukti_seabank_extracts_12_fields" time="5.907" /><testcase classname="tests.test_ocr_bukti" name="test_ocr_bukti_partial_returns_null_and_not_confident" time="4.367" /><testcase classname="tests.test_ocr_bukti" name="test_ocr_bukti_empty_image_returns_400" time="0.135" /><testcase classname="tests.test_ocr_bukti" name="test_sync_bukti_push_and_pull_with_12_fields" time="0.215" /><testcase classname="tests.test_ocr_bukti" name="test_sync_bukti_lww_older_ignored" time="0.260" /></testsuite></testsuites>