<?xml version="1.0" encoding="utf-8"?><testsuites name="pytest tests"><testsuite name="pytest" errors="0" failures="0" skipped="0" tests="5" time="11.188" timestamp="2026-08-22T19:03:52.355895+00:00" hostname="agent-env-cd5dad86-28ad-45fe-ad02-07ffc1ba82ca"><testcase classname="tests.test_ocr_bukti" name="test_ocr_bukti_full_extracts_all_fields" time="7.449" /><testcase classname="tests.test_ocr_bukti" name="test_ocr_bukti_partial_returns_null_and_not_confident" time="2.657" /><testcase classname="tests.test_ocr_bukti" name="test_ocr_bukti_empty_image_returns_400" time="0.161" /><testcase classname="tests.test_ocr_bukti" name="test_sync_bukti_push_and_pull" time="0.315" /><testcase classname="tests.test_ocr_bukti" name="test_sync_bukti_lww_older_ignored" time="0.246" /></testsuite></testsuites>