<?xml version="1.0" encoding="utf-8"?><testsuites name="pytest tests"><testsuite name="pytest" errors="0" failures="0" skipped="0" tests="19" time="6.549" timestamp="2026-08-12T04:15:09.755977+00:00" hostname="agent-env-cd5dad86-28ad-45fe-ad02-07ffc1ba82ca"><testcase classname="tests.test_api" name="test_root" time="0.310" /><testcase classname="tests.test_api" name="test_products_pos_returns_seeded" time="0.246" /><testcase classname="tests.test_api" name="test_products_search_filter" time="0.294" /><testcase classname="tests.test_api" name="test_products_barcode_lookup_and_404" time="0.333" /><testcase classname="tests.test_api" name="test_products_variation_barcode_lookup" time="0.350" /><testcase classname="tests.test_api" name="test_create_update_stock_delete_product" time="0.441" /><testcase classname="tests.test_api" name="test_create_transaction_decrements_stock" time="0.412" /><testcase classname="tests.test_api" name="test_transactions_list_sorted_desc" time="0.109" /><testcase classname="tests.test_api" name="test_transaction_404" time="0.101" /><testcase classname="tests.test_api" name="test_update_transaction_preserves_id_and_reconciles_stock" time="0.470" /><testcase classname="tests.test_api" name="test_update_transaction_404" time="0.099" /><testcase classname="tests.test_api" name="test_delete_product_preserves_historical_transactions" time="0.309" /><testcase classname="tests.test_api" name="test_settings_voice_change_default_true" time="0.096" /><testcase classname="tests.test_api" name="test_get_and_put_settings" time="0.177" /><testcase classname="tests.test_api" name="test_get_and_put_printer" time="0.267" /><testcase classname="tests.test_api" name="test_reports_summary" time="0.102" /><testcase classname="tests.test_api" name="test_zzz_backup_import_safe_on_invalid_payloads" time="0.798" /><testcase classname="tests.test_api" name="test_zzz_backup_import_dedupes_by_id" time="0.561" /><testcase classname="tests.test_api" name="test_zzz_backup_export_and_reimport_preserves_data" time="0.680" /></testsuite></testsuites>