<?xml version="1.0" encoding="utf-8"?><testsuites name="pytest tests"><testsuite name="pytest" errors="0" failures="0" skipped="0" tests="13" time="4.846" timestamp="2026-08-11T17:58:47.235410+00:00" hostname="agent-env-cd5dad86-28ad-45fe-ad02-07ffc1ba82ca"><testcase classname="tests.test_api" name="test_root" time="0.343" /><testcase classname="tests.test_api" name="test_products_pos_returns_seeded" time="0.311" /><testcase classname="tests.test_api" name="test_products_search_filter" time="0.535" /><testcase classname="tests.test_api" name="test_products_barcode_lookup_and_404" time="0.390" /><testcase classname="tests.test_api" name="test_products_variation_barcode_lookup" time="0.420" /><testcase classname="tests.test_api" name="test_create_update_stock_delete_product" time="0.498" /><testcase classname="tests.test_api" name="test_create_transaction_decrements_stock" time="0.372" /><testcase classname="tests.test_api" name="test_transactions_list_sorted_desc" time="0.291" /><testcase classname="tests.test_api" name="test_transaction_404" time="0.118" /><testcase classname="tests.test_api" name="test_get_and_put_settings" time="0.264" /><testcase classname="tests.test_api" name="test_get_and_put_printer" time="0.188" /><testcase classname="tests.test_api" name="test_reports_summary" time="0.140" /><testcase classname="tests.test_api" name="test_zzz_backup_export_and_reimport_preserves_data" time="0.638" /></testsuite></testsuites>